<?xml version="1.0" encoding="UTF-8" ?>
<testsuite tests="4" failures="0" name="FelineTest" time="0" errors="0" skipped="0">
  <properties>
    <property name="idea.version" value="2021.2.3"/>
    <property name="java.runtime.name" value="OpenJDK Runtime Environment"/>
    <property name="java.vm.version" value="11.0.13+8-LTS"/>
    <property name="sun.boot.library.path" value="D:\Amazon Corretto\jdk11.0.13_8\bin"/>
    <property name="maven.multiModuleProjectDirectory" value="D:\yandex\qa_java"/>
    <property name="java.vm.vendor" value="Amazon.com Inc."/>
    <property name="java.vendor.url" value="https://aws.amazon.com/corretto/"/>
    <property name="guice.disable.misplaced.annotation.check" value="true"/>
    <property name="path.separator" value=";"/>
    <property name="java.vm.name" value="OpenJDK 64-Bit Server VM"/>
    <property name="sun.os.patch.level" value=""/>
    <property name="user.script" value=""/>
    <property name="user.country" value="RU"/>
    <property name="sun.java.launcher" value="SUN_STANDARD"/>
    <property name="java.vm.specification.name" value="Java Virtual Machine Specification"/>
    <property name="user.dir" value="D:\yandex\qa_java"/>
    <property name="java.vm.compressedOopsMode" value="Zero based"/>
    <property name="java.runtime.version" value="11.0.13+8-LTS"/>
    <property name="java.awt.graphicsenv" value="sun.awt.Win32GraphicsEnvironment"/>
    <property name="os.arch" value="amd64"/>
    <property name="java.io.tmpdir" value="C:\Users\user\AppData\Local\Temp\"/>
    <property name="line.separator" value="
"/>
    <property name="java.vm.specification.vendor" value="Oracle Corporation"/>
    <property name="user.variant" value=""/>
    <property name="os.name" value="Windows 10"/>
    <property name="maven.ext.class.path" value="D:\IntelliJ DEA\IntelliJ IDEA Community Edition 2021.2.3\plugins\maven\lib\maven-event-listener.jar"/>
    <property name="classworlds.conf" value="D:\IntelliJ DEA\IntelliJ IDEA Community Edition 2021.2.3\plugins\maven\lib\maven3\bin\m2.conf"/>
    <property name="sun.jnu.encoding" value="Cp1251"/>
    <property name="java.library.path" value="D:\Amazon Corretto\jdk11.0.13_8\bin;C:\Windows\Sun\Java\bin;C:\Windows\system32;C:\Windows;A:\Oculus\Support\oculus-runtime;D:\Amazon Corretto\jdk11.0.13_8\bin;C:\Program Files\Common Files\Oracle\Java\javapath;A:\java\bin;C:\Python39\Scripts\;C:\Python39\;C:\Program Files (x86)\Common Files\Oracle\Java\javapath;C:\Windows\system32;C:\Windows;C:\Windows\System32\Wbem;C:\Windows\System32\WindowsPowerShell\v1.0\;C:\Windows\System32\OpenSSH\;C:\Program Files (x86)\NVIDIA Corporation\PhysX\Common;C:\Program Files\nodejs\;C:\ProgramData\chocolatey\bin;D:\Amazon Corretto\apache-maven-3.8.3-bin\apache-maven-3.8.3\bin;C:\cygwin64\home\user\WebDriver\bin;C:\Program Files\dotnet\;D:\Program Files (x86)\Git\cmd;C:\Users\user\AppData\Local\Microsoft\WindowsApps;;D:\Microsoft VS Code\bin;C:\Users\user\AppData\Roaming\npm;."/>
    <property name="maven.conf" value="D:\IntelliJ DEA\IntelliJ IDEA Community Edition 2021.2.3\plugins\maven\lib\maven3/conf"/>
    <property name="jdk.debug" value="release"/>
    <property name="java.class.version" value="55.0"/>
    <property name="java.specification.name" value="Java Platform API Specification"/>
    <property name="sun.management.compiler" value="HotSpot 64-Bit Tiered Compilers"/>
    <property name="os.version" value="10.0"/>
    <property name="user.home" value="C:\Users\user"/>
    <property name="user.timezone" value="Europe/Moscow"/>
    <property name="java.awt.printerjob" value="sun.awt.windows.WPrinterJob"/>
    <property name="file.encoding" value="UTF-8"/>
    <property name="java.specification.version" value="11"/>
    <property name="user.name" value="user"/>
    <property name="java.class.path" value="D:\IntelliJ DEA\IntelliJ IDEA Community Edition 2021.2.3\plugins\maven\lib\maven3\boot\plexus-classworlds-2.6.0.jar;D:\IntelliJ DEA\IntelliJ IDEA Community Edition 2021.2.3\plugins\maven\lib\maven3\boot\plexus-classworlds.license"/>
    <property name="java.vm.specification.version" value="11"/>
    <property name="sun.arch.data.model" value="64"/>
    <property name="sun.java.command" value="org.codehaus.classworlds.Launcher -Didea.version=2021.2.3 verify"/>
    <property name="java.home" value="D:\Amazon Corretto\jdk11.0.13_8"/>
    <property name="user.language" value="ru"/>
    <property name="java.specification.vendor" value="Oracle Corporation"/>
    <property name="awt.toolkit" value="sun.awt.windows.WToolkit"/>
    <property name="java.vm.info" value="mixed mode"/>
    <property name="java.version" value="11.0.13"/>
    <property name="java.vendor" value="Amazon.com Inc."/>
    <property name="maven.home" value="D:\IntelliJ DEA\IntelliJ IDEA Community Edition 2021.2.3\plugins\maven\lib\maven3"/>
    <property name="file.separator" value="\"/>
    <property name="java.version.date" value="2021-10-19"/>
    <property name="java.vendor.url.bug" value="https://github.com/corretto/corretto-11/issues/"/>
    <property name="sun.io.unicode.encoding" value="UnicodeLittle"/>
    <property name="sun.cpu.endian" value="little"/>
    <property name="java.vendor.version" value="Corretto-11.0.13.8.1"/>
    <property name="sun.desktop" value="windows"/>
    <property name="sun.cpu.isalist" value="amd64"/>
  </properties>
  <testcase classname="FelineTest" name="getKittensReturnsCorrectValue" time="0"/>
  <testcase classname="FelineTest" name="getKittensReturns1" time="0"/>
  <testcase classname="FelineTest" name="eatMeatReturnsCorrectValue" time="0"/>
  <testcase classname="FelineTest" name="getFamilyReturnsCorrectValue" time="0"/>
</testsuite>